\BOOKMARK [1][-]{section.1}{\376\377\176\352\213\272}{}% 1
\BOOKMARK [1][-]{section.2}{\376\377\136\070\165\050\147\120\145\231}{}% 2
\BOOKMARK [2][-]{subsection.2.1}{\376\377\173\241\147\120}{section.2}% 3
\BOOKMARK [3][-]{subsubsection.2.1.1}{\376\377\224\335\145\271\173\241}{subsection.2.1}% 4
\BOOKMARK [3][-]{subsubsection.2.1.2}{\376\377\170\263\173\241}{subsection.2.1}% 5
\BOOKMARK [3][-]{subsubsection.2.1.3}{\376\377\127\213\147\120}{subsection.2.1}% 6
\BOOKMARK [2][-]{subsection.2.2}{\376\377\147\177\147\120}{section.2}% 7
\BOOKMARK [3][-]{subsubsection.2.2.1}{\376\377\170\263\147\177}{subsection.2.2}% 8
\BOOKMARK [3][-]{subsubsection.2.2.2}{\376\377\163\273\176\244\147\177}{subsection.2.2}% 9
\BOOKMARK [3][-]{subsubsection.2.2.3}{\376\377\116\232\121\113\122\233\147\177}{subsection.2.2}% 10
\BOOKMARK [3][-]{subsubsection.2.2.4}{\376\377\147\072\122\240\135\345\116\366}{subsection.2.2}% 11
\BOOKMARK [3][-]{subsubsection.2.2.5}{\376\377\0003\000D\142\123\123\160\116\366}{subsection.2.2}% 12
\BOOKMARK [1][-]{section.3}{\376\377\217\336\143\245\226\366\116\366}{}% 13
\BOOKMARK [2][-]{subsection.3.1}{\376\377\207\272\150\023\207\272\153\315}{section.3}% 14
\BOOKMARK [2][-]{subsection.3.2}{\376\377\211\322\170\001}{section.3}% 15
\BOOKMARK [2][-]{subsection.3.3}{\376\377\154\325\121\160}{section.3}% 16
\BOOKMARK [2][-]{subsection.3.4}{\376\377\200\124\217\164\126\150}{section.3}% 17
\BOOKMARK [2][-]{subsection.3.5}{\376\377\224\360\224\376}{section.3}% 18
\BOOKMARK [2][-]{subsection.3.6}{\376\377\225\000\217\336\143\245}{section.3}% 19
\BOOKMARK [2][-]{subsection.3.7}{\376\377\225\056\217\336\143\245}{section.3}% 20
\BOOKMARK [2][-]{subsection.3.8}{\376\377\224\306\143\245}{section.3}% 21
\BOOKMARK [1][-]{section.4}{\376\377\217\164\142\177}{}% 22
\BOOKMARK [2][-]{subsection.4.1}{\376\377\155\361\154\237\164\003\217\164\142\177}{section.4}% 23
\BOOKMARK [2][-]{subsection.4.2}{\376\377\154\325\121\160\217\164\142\177}{section.4}% 24
\BOOKMARK [2][-]{subsection.4.3}{\376\377\143\250\122\233\164\003\217\164\142\177}{section.4}% 25
\BOOKMARK [2][-]{subsection.4.4}{\376\377\166\364\176\277\217\164\142\177}{section.4}% 26
\BOOKMARK [2][-]{subsection.4.5}{\376\377\116\244\123\311\156\332\133\120\217\164\142\177}{section.4}% 27
\BOOKMARK [2][-]{subsection.4.6}{\376\377\121\163\202\202\217\164\142\177}{section.4}% 28
\BOOKMARK [1][-]{section.5}{\376\377\137\071\174\047}{}% 29
\BOOKMARK [2][-]{subsection.5.1}{\376\377\123\213\177\051\137\071\174\047}{section.5}% 30
\BOOKMARK [2][-]{subsection.5.2}{\376\377\142\311\117\070\137\071\174\047}{section.5}% 31
\BOOKMARK [2][-]{subsection.5.3}{\376\377\142\155\122\233\137\071\174\047}{section.5}% 32
\BOOKMARK [2][-]{subsection.5.4}{\376\377\162\107\137\071\174\047}{section.5}% 33
\BOOKMARK [2][-]{subsection.5.5}{\376\377\123\321\147\141\137\071\174\047}{section.5}% 34
\BOOKMARK [1][-]{section.6}{\376\377\232\161\122\250\121\103\116\366}{}% 35
\BOOKMARK [2][-]{subsection.6.1}{\376\377\154\024\122\250\121\103\116\366}{section.6}% 36
\BOOKMARK [2][-]{subsection.6.2}{\376\377\165\065\147\072}{section.6}% 37
\BOOKMARK [3][-]{subsubsection.6.2.1}{\376\377\136\070\165\050\165\065\147\072\123\302\145\160}{subsection.6.2}% 38
\BOOKMARK [3][-]{subsubsection.6.2.2}{\376\377\000M\0003\0005\0000\0008\121\317\220\037\165\065\147\072}{subsection.6.2}% 39
\BOOKMARK [3][-]{subsubsection.6.2.3}{\376\377\000M\0002\0000\0000\0006\122\250\122\233\174\373\176\337}{subsection.6.2}% 40
\BOOKMARK [3][-]{subsubsection.6.2.4}{\376\377\000G\000M\0006\0000\0002\0000\122\250\122\233\174\373\176\337}{subsection.6.2}% 41
\BOOKMARK [2][-]{subsection.6.3}{\376\377\202\065\147\072}{section.6}% 42
\BOOKMARK [1][-]{section.7}{\376\377\117\040\122\250\226\366\116\366}{}% 43
\BOOKMARK [2][-]{subsection.7.1}{\376\377\124\014\153\145\136\046}{section.7}% 44
\BOOKMARK [2][-]{subsection.7.2}{\376\377\224\376\217\156\224\376\147\141}{section.7}% 45
\BOOKMARK [2][-]{subsection.7.3}{\376\377\156\332\163\340\116\035\147\106}{section.7}% 46
\BOOKMARK [2][-]{subsection.7.4}{\376\377\237\177\217\156\117\040\122\250}{section.7}% 47
\BOOKMARK [1][-]{section.8}{\376\377\121\166\116\326}{}% 48
\BOOKMARK [2][-]{subsection.8.1}{\376\377\123\141\174\047}{section.8}% 49
\BOOKMARK [2][-]{subsection.8.2}{\376\377\224\334\147\361\377\014\224\335\147\361\377\014\134\074\237\231\147\361}{section.8}% 50
\BOOKMARK [2][-]{subsection.8.3}{\376\377\156\321\127\127\156\321\217\150}{section.8}% 51
\BOOKMARK [1][-]{section.9}{\376\377\176\323\213\355}{}% 52
