This is pdfTeX, Version 3.14159265-2.6-1.40.20 (TeX Live 2019/W32TeX) (preloaded format=pdflatex 2020.1.12)  5 OCT 2020 23:12
entering extended mode
 restricted \write18 enabled.
 file:line:error style messages enabled.
 %&-line parsing enabled.
**d:/LEARNING/github/Robomaster-training-handbook/Robomaster
(d:/LEARNING/github/Robomaster-training-handbook/Robomaster.tex
LaTeX2e <2018-12-01>
(d:/software/texlive/2019/texmf-dist/tex/latex/base/article.cls
Document Class: article 2018/09/03 v1.4i Standard LaTeX document class
(d:/software/texlive/2019/texmf-dist/tex/latex/base/size10.clo
File: size10.clo 2018/09/03 v1.4i Standard LaTeX file (size option)
)
\c@part=\count80
\c@section=\count81
\c@subsection=\count82
\c@subsubsection=\count83
\c@paragraph=\count84
\c@subparagraph=\count85
\c@figure=\count86
\c@table=\count87
\abovecaptionskip=\skip41
\belowcaptionskip=\skip42
\bibindent=\dimen102
) (d:/software/texlive/2019/texmf-dist/tex/latex/ctex/ctex.sty (d:/software/texlive/2019/texmf-dist/tex/latex/l3kernel/expl3.sty
Package: expl3 2019-04-06 L3 programming layer (loader) 
 (d:/software/texlive/2019/texmf-dist/tex/latex/l3kernel/expl3-code.tex
Package: expl3 2019-04-06 L3 programming layer (code)
\c_max_int=\count88
\l_tmpa_int=\count89
\l_tmpb_int=\count90
\g_tmpa_int=\count91
\g_tmpb_int=\count92
\g__kernel_prg_map_int=\count93
\c__ior_term_ior=\count94
\c_log_iow=\count95
\l_iow_line_count_int=\count96
\l__iow_line_target_int=\count97
\l__iow_one_indent_int=\count98
\l__iow_indent_int=\count99
\c_zero_dim=\dimen103
\c_max_dim=\dimen104
\l_tmpa_dim=\dimen105
\l_tmpb_dim=\dimen106
\g_tmpa_dim=\dimen107
\g_tmpb_dim=\dimen108
\c_zero_skip=\skip43
\c_max_skip=\skip44
\l_tmpa_skip=\skip45
\l_tmpb_skip=\skip46
\g_tmpa_skip=\skip47
\g_tmpb_skip=\skip48
\c_zero_muskip=\muskip10
\c_max_muskip=\muskip11
\l_tmpa_muskip=\muskip12
\l_tmpb_muskip=\muskip13
\g_tmpa_muskip=\muskip14
\g_tmpb_muskip=\muskip15
\l_keys_choice_int=\count100
\l__intarray_loop_int=\count101
\c__intarray_sp_dim=\dimen109
\g__intarray_font_int=\count102
\c__fp_leading_shift_int=\count103
\c__fp_middle_shift_int=\count104
\c__fp_trailing_shift_int=\count105
\c__fp_big_leading_shift_int=\count106
\c__fp_big_middle_shift_int=\count107
\c__fp_big_trailing_shift_int=\count108
\c__fp_Bigg_leading_shift_int=\count109
\c__fp_Bigg_middle_shift_int=\count110
\c__fp_Bigg_trailing_shift_int=\count111
\c__kernel_randint_max_int=\count112
\g__fp_array_int=\count113
\l__fp_array_loop_int=\count114
\l__sort_length_int=\count115
\l__sort_min_int=\count116
\l__sort_top_int=\count117
\l__sort_max_int=\count118
\l__sort_true_max_int=\count119
\l__sort_block_int=\count120
\l__sort_begin_int=\count121
\l__sort_end_int=\count122
\l__sort_A_int=\count123
\l__sort_B_int=\count124
\l__sort_C_int=\count125
\l__tl_analysis_normal_int=\count126
\l__tl_analysis_index_int=\count127
\l__tl_analysis_nesting_int=\count128
\l__tl_analysis_type_int=\count129
\l__regex_internal_a_int=\count130
\l__regex_internal_b_int=\count131
\l__regex_internal_c_int=\count132
\l__regex_balance_int=\count133
\l__regex_group_level_int=\count134
\l__regex_mode_int=\count135
\c__regex_cs_in_class_mode_int=\count136
\c__regex_cs_mode_int=\count137
\l__regex_catcodes_int=\count138
\l__regex_default_catcodes_int=\count139
\c__regex_catcode_D_int=\count140
\c__regex_catcode_S_int=\count141
\c__regex_catcode_L_int=\count142
\c__regex_catcode_O_int=\count143
\c__regex_catcode_A_int=\count144
\c__regex_all_catcodes_int=\count145
\l__regex_show_lines_int=\count146
\l__regex_min_state_int=\count147
\l__regex_max_state_int=\count148
\l__regex_left_state_int=\count149
\l__regex_right_state_int=\count150
\l__regex_capturing_group_int=\count151
\l__regex_min_pos_int=\count152
\l__regex_max_pos_int=\count153
\l__regex_curr_pos_int=\count154
\l__regex_start_pos_int=\count155
\l__regex_success_pos_int=\count156
\l__regex_curr_char_int=\count157
\l__regex_curr_catcode_int=\count158
\l__regex_last_char_int=\count159
\l__regex_case_changed_char_int=\count160
\l__regex_curr_state_int=\count161
\l__regex_step_int=\count162
\l__regex_min_active_int=\count163
\l__regex_max_active_int=\count164
\l__regex_replacement_csnames_int=\count165
\l__regex_match_count_int=\count166
\l__regex_min_submatch_int=\count167
\l__regex_submatch_int=\count168
\l__regex_zeroth_submatch_int=\count169
\g__regex_trace_regex_int=\count170
\c_empty_box=\box27
\l_tmpa_box=\box28
\l_tmpb_box=\box29
\g_tmpa_box=\box30
\g_tmpb_box=\box31
\l__box_top_dim=\dimen110
\l__box_bottom_dim=\dimen111
\l__box_left_dim=\dimen112
\l__box_right_dim=\dimen113
\l__box_top_new_dim=\dimen114
\l__box_bottom_new_dim=\dimen115
\l__box_left_new_dim=\dimen116
\l__box_right_new_dim=\dimen117
\l__box_internal_box=\box32
\l__coffin_internal_box=\box33
\l__coffin_internal_dim=\dimen118
\l__coffin_offset_x_dim=\dimen119
\l__coffin_offset_y_dim=\dimen120
\l__coffin_x_dim=\dimen121
\l__coffin_y_dim=\dimen122
\l__coffin_x_prime_dim=\dimen123
\l__coffin_y_prime_dim=\dimen124
\c_empty_coffin=\box34
\l__coffin_aligned_coffin=\box35
\l__coffin_aligned_internal_coffin=\box36
\l_tmpa_coffin=\box37
\l_tmpb_coffin=\box38
\g_tmpa_coffin=\box39
\g_tmpb_coffin=\box40
\l__coffin_bounding_shift_dim=\dimen125
\l__coffin_left_corner_dim=\dimen126
\l__coffin_right_corner_dim=\dimen127
\l__coffin_bottom_corner_dim=\dimen128
\l__coffin_top_corner_dim=\dimen129
\l__coffin_scaled_total_height_dim=\dimen130
\l__coffin_scaled_width_dim=\dimen131
\c__coffin_empty_coffin=\box41
\l__coffin_display_coffin=\box42
\l__coffin_display_coord_coffin=\box43
\l__coffin_display_pole_coffin=\box44
\l__coffin_display_offset_dim=\dimen132
\l__coffin_display_x_dim=\dimen133
\l__coffin_display_y_dim=\dimen134
\g__file_internal_ior=\read1
\l__seq_internal_a_int=\count171
\l__seq_internal_b_int=\count172
\c__deprecation_minus_one=\count173
) (d:/software/texlive/2019/texmf-dist/tex/latex/l3kernel/l3pdfmode.def
File: l3pdfmode.def 2019-04-06 v L3 Experimental driver: PDF mode
\l__driver_color_stack_int=\count174
))
Package: ctex 2019/04/07 v2.4.15 Chinese adapter in LaTeX (CTEX)
 (d:/software/texlive/2019/texmf-dist/tex/latex/l3packages/xparse/xparse.sty
Package: xparse 2019-03-05 L3 Experimental document command parser
\l__xparse_current_arg_int=\count175
\g__xparse_grabber_int=\count176
\l__xparse_m_args_int=\count177
\l__xparse_v_nesting_int=\count178
) (d:/software/texlive/2019/texmf-dist/tex/latex/l3packages/l3keys2e/l3keys2e.sty
Package: l3keys2e 2019-03-05 LaTeX2e option processing using LaTeX3 keys
) (d:/software/texlive/2019/texmf-dist/tex/latex/ctex/ctexhook.sty
Package: ctexhook 2019/04/07 v2.4.15 Document and package hooks (CTEX)
) (d:/software/texlive/2019/texmf-dist/tex/latex/ctex/ctexpatch.sty
Package: ctexpatch 2019/04/07 v2.4.15 Patching commands (CTEX)
) (d:/software/texlive/2019/texmf-dist/tex/latex/base/fix-cm.sty
Package: fix-cm 2015/01/14 v1.1t fixes to LaTeX
 (d:/software/texlive/2019/texmf-dist/tex/latex/base/ts1enc.def
File: ts1enc.def 2001/06/05 v3.0e (jk/car/fm) Standard LaTeX file
Now handling font encoding TS1 ...
... processing UTF-8 mapping file for font encoding TS1
 (d:/software/texlive/2019/texmf-dist/tex/latex/base/ts1enc.dfu
File: ts1enc.dfu 2018/10/05 v1.2f UTF-8 support for inputenc
   defining Unicode char U+00A2 (decimal 162)
   defining Unicode char U+00A3 (decimal 163)
   defining Unicode char U+00A4 (decimal 164)
   defining Unicode char U+00A5 (decimal 165)
   defining Unicode char U+00A6 (decimal 166)
   defining Unicode char U+00A7 (decimal 167)
   defining Unicode char U+00A8 (decimal 168)
   defining Unicode char U+00A9 (decimal 169)
   defining Unicode char U+00AA (decimal 170)
   defining Unicode char U+00AC (decimal 172)
   defining Unicode char U+00AE (decimal 174)
   defining Unicode char U+00AF (decimal 175)
   defining Unicode char U+00B0 (decimal 176)
   defining Unicode char U+00B1 (decimal 177)
   defining Unicode char U+00B2 (decimal 178)
   defining Unicode char U+00B3 (decimal 179)
   defining Unicode char U+00B4 (decimal 180)
   defining Unicode char U+00B5 (decimal 181)
   defining Unicode char U+00B6 (decimal 182)
   defining Unicode char U+00B7 (decimal 183)
   defining Unicode char U+00B9 (decimal 185)
   defining Unicode char U+00BA (decimal 186)
   defining Unicode char U+00BC (decimal 188)
   defining Unicode char U+00BD (decimal 189)
   defining Unicode char U+00BE (decimal 190)
   defining Unicode char U+00D7 (decimal 215)
   defining Unicode char U+00F7 (decimal 247)
   defining Unicode char U+0192 (decimal 402)
   defining Unicode char U+02C7 (decimal 711)
   defining Unicode char U+02D8 (decimal 728)
   defining Unicode char U+02DD (decimal 733)
   defining Unicode char U+0E3F (decimal 3647)
   defining Unicode char U+2016 (decimal 8214)
   defining Unicode char U+2020 (decimal 8224)
   defining Unicode char U+2021 (decimal 8225)
   defining Unicode char U+2022 (decimal 8226)
   defining Unicode char U+2030 (decimal 8240)
   defining Unicode char U+2031 (decimal 8241)
   defining Unicode char U+203B (decimal 8251)
   defining Unicode char U+203D (decimal 8253)
   defining Unicode char U+2044 (decimal 8260)
   defining Unicode char U+204E (decimal 8270)
   defining Unicode char U+2052 (decimal 8274)
   defining Unicode char U+20A1 (decimal 8353)
   defining Unicode char U+20A4 (decimal 8356)
   defining Unicode char U+20A6 (decimal 8358)
   defining Unicode char U+20A9 (decimal 8361)
   defining Unicode char U+20AB (decimal 8363)
   defining Unicode char U+20AC (decimal 8364)
   defining Unicode char U+20B1 (decimal 8369)
   defining Unicode char U+2103 (decimal 8451)
   defining Unicode char U+2116 (decimal 8470)
   defining Unicode char U+2117 (decimal 8471)
   defining Unicode char U+211E (decimal 8478)
   defining Unicode char U+2120 (decimal 8480)
   defining Unicode char U+2122 (decimal 8482)
   defining Unicode char U+2126 (decimal 8486)
   defining Unicode char U+2127 (decimal 8487)
   defining Unicode char U+212E (decimal 8494)
   defining Unicode char U+2190 (decimal 8592)
   defining Unicode char U+2191 (decimal 8593)
   defining Unicode char U+2192 (decimal 8594)
   defining Unicode char U+2193 (decimal 8595)
   defining Unicode char U+2329 (decimal 9001)
   defining Unicode char U+232A (decimal 9002)
   defining Unicode char U+2422 (decimal 9250)
   defining Unicode char U+25E6 (decimal 9702)
   defining Unicode char U+25EF (decimal 9711)
   defining Unicode char U+266A (decimal 9834)
   defining Unicode char U+FEFF (decimal 65279)
))) (d:/software/texlive/2019/texmf-dist/tex/latex/ms/everysel.sty
Package: everysel 2011/10/28 v1.2 EverySelectfont Package (MS)
)
\l__ctex_tmp_int=\count179
\l__ctex_tmp_box=\box45
\l__ctex_tmp_dim=\dimen135
\g__ctex_section_depth_int=\count180
\g__ctex_font_size_int=\count181
 (d:/software/texlive/2019/texmf-dist/tex/latex/ctex/config/ctexopts.cfg
File: ctexopts.cfg 2019/04/07 v2.4.15 Option configuration file (CTEX)
) (d:/software/texlive/2019/texmf-dist/tex/latex/ctex/engine/ctex-engine-pdftex.def
File: ctex-engine-pdftex.def 2019/04/07 v2.4.15 (pdf)LaTeX adapter (CTEX)
 (d:/software/texlive/2019/texmf-dist/tex/latex/cjk/texinput/CJKutf8.sty
Package: CJKutf8 2015/04/18 4.8.4
 (d:/software/texlive/2019/texmf-dist/tex/generic/oberdiek/ifpdf.sty
Package: ifpdf 2018/09/07 v3.3 Provides the ifpdf switch
) (d:/software/texlive/2019/texmf-dist/tex/latex/base/inputenc.sty
Package: inputenc 2018/08/11 v1.3c Input encoding file
\inpenc@prehook=\toks14
\inpenc@posthook=\toks15
) (d:/software/texlive/2019/texmf-dist/tex/latex/cjk/texinput/CJK.sty
Package: CJK 2015/04/18 4.8.4
 (d:/software/texlive/2019/texmf-dist/tex/latex/cjk/texinput/mule/MULEenc.sty
Package: MULEenc 2015/04/18 4.8.4
) (d:/software/texlive/2019/texmf-dist/tex/latex/cjk/texinput/CJK.enc
File: CJK.enc 2015/04/18 4.8.4
Now handling font encoding C00 ...
... no UTF-8 mapping file for font encoding C00
Now handling font encoding C05 ...
... no UTF-8 mapping file for font encoding C05
Now handling font encoding C09 ...
... no UTF-8 mapping file for font encoding C09
Now handling font encoding C10 ...
... no UTF-8 mapping file for font encoding C10
Now handling font encoding C20 ...
... no UTF-8 mapping file for font encoding C20
Now handling font encoding C19 ...
... no UTF-8 mapping file for font encoding C19
Now handling font encoding C40 ...
... no UTF-8 mapping file for font encoding C40
Now handling font encoding C42 ...
... no UTF-8 mapping file for font encoding C42
Now handling font encoding C43 ...
... no UTF-8 mapping file for font encoding C43
Now handling font encoding C50 ...
... no UTF-8 mapping file for font encoding C50
Now handling font encoding C52 ...
... no UTF-8 mapping file for font encoding C52
Now handling font encoding C49 ...
... no UTF-8 mapping file for font encoding C49
Now handling font encoding C60 ...
... no UTF-8 mapping file for font encoding C60
Now handling font encoding C61 ...
... no UTF-8 mapping file for font encoding C61
Now handling font encoding C63 ...
... no UTF-8 mapping file for font encoding C63
Now handling font encoding C64 ...
... no UTF-8 mapping file for font encoding C64
Now handling font encoding C65 ...
... no UTF-8 mapping file for font encoding C65
Now handling font encoding C70 ...
... no UTF-8 mapping file for font encoding C70
Now handling font encoding C31 ...
... no UTF-8 mapping file for font encoding C31
Now handling font encoding C32 ...
... no UTF-8 mapping file for font encoding C32
Now handling font encoding C33 ...
... no UTF-8 mapping file for font encoding C33
Now handling font encoding C34 ...
... no UTF-8 mapping file for font encoding C34
Now handling font encoding C35 ...
... no UTF-8 mapping file for font encoding C35
Now handling font encoding C36 ...
... no UTF-8 mapping file for font encoding C36
Now handling font encoding C37 ...
... no UTF-8 mapping file for font encoding C37
Now handling font encoding C80 ...
... no UTF-8 mapping file for font encoding C80
Now handling font encoding C81 ...
... no UTF-8 mapping file for font encoding C81
Now handling font encoding C01 ...
... no UTF-8 mapping file for font encoding C01
Now handling font encoding C11 ...
... no UTF-8 mapping file for font encoding C11
Now handling font encoding C21 ...
... no UTF-8 mapping file for font encoding C21
Now handling font encoding C41 ...
... no UTF-8 mapping file for font encoding C41
Now handling font encoding C62 ...
... no UTF-8 mapping file for font encoding C62
)
LaTeX Info: Redefining \selectfont on input line 755.
\CJK@indent=\box46
) (d:/software/texlive/2019/texmf-dist/tex/latex/base/fontenc.sty
Package: fontenc 2018/08/11 v2.0j Standard LaTeX package
)) (d:/software/texlive/2019/texmf-dist/tex/latex/cjkpunct/CJKpunct.sty
Package: CJKpunct 2016/05/14 4.8.4
\CJKpunct@cnta=\count182
\CJKpunct@cntb=\count183
\CJKpunct@cntc=\count184
\CJKpunct@cntd=\count185
\CJKpunct@cnte=\count186
   defining Unicode char U+2018 (decimal 8216)
   defining Unicode char U+2019 (decimal 8217)
   defining Unicode char U+201C (decimal 8220)
   defining Unicode char U+201D (decimal 8221)
   defining Unicode char U+2014 (decimal 8212)
   defining Unicode char U+2026 (decimal 8230)
 (d:/software/texlive/2019/texmf-dist/tex/latex/cjkpunct/CJKpunct.spa)) (d:/software/texlive/2019/texmf-dist/tex/latex/cjk/texinput/CJKspace.sty
Package: CJKspace 2015/04/18 3.8.0
) (d:/software/texlive/2019/texmf-dist/tex/latex/ctex/ctexspa.def
File: ctexspa.def 2019/04/07 v2.4.15 Space info for CJKpunct (CTEX)
) (d:/software/texlive/2019/texmf-dist/tex/latex/cjk/texinput/CJKfntef.sty
Package: CJKfntef 2015/04/18 4.8.4
 (d:/software/texlive/2019/texmf-dist/tex/latex/cjk/texinput/CJKulem.sty
Package: CJKulem 2015/04/18 4.8.4
 (d:/software/texlive/2019/texmf-dist/tex/generic/ulem/ulem.sty
\UL@box=\box47
\UL@hyphenbox=\box48
\UL@skip=\skip49
\UL@hook=\toks16
\UL@height=\dimen136
\UL@pe=\count187
\UL@pixel=\dimen137
\ULC@box=\box49
Package: ulem 2012/05/18
\ULdepth=\dimen138
)
\UL@lastkern=\dimen139
\CJK@skip=\skip50
)
\CJK@fntefSkip=\skip51
\CJK@nest=\count188
\CJK@fntefDimen=\dimen140
\CJK@underdotBox=\box50
\CJK@ULbox=\box51
\CJK@underanyskip=\dimen141
)
\ccwd=\dimen142
\l__ctex_ccglue_skip=\skip52
)
\l__ctex_ziju_dim=\dimen143
 (d:/software/texlive/2019/texmf-dist/tex/latex/zhnumber/zhnumber.sty
Package: zhnumber 2019/04/07 v2.7 Typesetting numbers with Chinese glyphs
\l__zhnum_scale_int=\count189
\l__zhnum_byte_min_int=\count190
\l__zhnum_byte_max_int=\count191
 (d:/software/texlive/2019/texmf-dist/tex/latex/zhnumber/zhnumber-utf8.cfg
File: zhnumber-utf8.cfg 2019/04/07 v2.7 Chinese numerals with UTF8 encoding
)) (d:/software/texlive/2019/texmf-dist/tex/latex/ctex/scheme/ctex-scheme-chinese.def
File: ctex-scheme-chinese.def 2019/04/07 v2.4.15 Chinese scheme for generic (CTEX)
 (d:/software/texlive/2019/texmf-dist/tex/latex/ctex/config/ctex-name-utf8.cfg
File: ctex-name-utf8.cfg 2019/04/07 v2.4.15 Caption with encoding UTF8 (CTEX)
)) (d:/software/texlive/2019/texmf-dist/tex/latex/tools/indentfirst.sty
Package: indentfirst 1995/11/23 v1.03 Indent first paragraph (DPC)
) (d:/software/texlive/2019/texmf-dist/tex/latex/ctex/ctex-c5size.clo
File: ctex-c5size.clo 2019/04/07 v2.4.15 c5size option (CTEX)
) (d:/software/texlive/2019/texmf-dist/tex/latex/ctex/fontset/ctex-fontset-windows.def
File: ctex-fontset-windows.def 2019/04/07 v2.4.15 Windows fonts definition (CTEX)
 (d:/software/texlive/2019/texmf-dist/tex/latex/ctex/fontset/ctex-fontset-windowsnew.def
File: ctex-fontset-windowsnew.def 2019/04/07 v2.4.15 Windows fonts definition for Vista or later version (CTEX)
 (d:/software/texlive/2019/texmf-dist/tex/generic/ctex/zhwindowsfonts.tex
File: zhwindowsfonts.tex 2019/04/07 v2.4.15 Windows font map loader for pdfTeX and DVIPDFMx (CTEX)
{d:/software/texlive/2019/texmf-var/fonts/map/pdftex/updmap/pdftex.map}{UGBK.sfd}{Unicode.sfd})))) (d:/software/texlive/2019/texmf-dist/tex/latex/ctex/config/ctex.cfg
File: ctex.cfg 2019/04/07 v2.4.15 Configuration file (CTEX)
) (d:/software/texlive/2019/texmf-dist/tex/latex/graphics/lscape.sty
Package: lscape 2000/10/22 v3.01 Landscape Pages (DPC)
 (d:/software/texlive/2019/texmf-dist/tex/latex/graphics/graphics.sty
Package: graphics 2017/06/25 v1.2c Standard LaTeX Graphics (DPC,SPQR)
 (d:/software/texlive/2019/texmf-dist/tex/latex/graphics/trig.sty
Package: trig 2016/01/03 v1.10 sin cos tan (DPC)
) (d:/software/texlive/2019/texmf-dist/tex/latex/graphics-cfg/graphics.cfg
File: graphics.cfg 2016/06/04 v1.11 sample graphics configuration
)
Package graphics Info: Driver file: pdftex.def on input line 99.
 (d:/software/texlive/2019/texmf-dist/tex/latex/graphics-def/pdftex.def
File: pdftex.def 2018/01/08 v1.0l Graphics/color driver for pdftex
))) (d:/software/texlive/2019/texmf-dist/tex/latex/amsmath/amsmath.sty
Package: amsmath 2018/12/01 v2.17b AMS math features
\@mathmargin=\skip53

For additional information on amsmath, use the `?' option.
(d:/software/texlive/2019/texmf-dist/tex/latex/amsmath/amstext.sty
Package: amstext 2000/06/29 v2.01 AMS text
 (d:/software/texlive/2019/texmf-dist/tex/latex/amsmath/amsgen.sty
File: amsgen.sty 1999/11/30 v2.0 generic functions
\@emptytoks=\toks17
\ex@=\dimen144
)) (d:/software/texlive/2019/texmf-dist/tex/latex/amsmath/amsbsy.sty
Package: amsbsy 1999/11/29 v1.2d Bold Symbols
\pmbraise@=\dimen145
) (d:/software/texlive/2019/texmf-dist/tex/latex/amsmath/amsopn.sty
Package: amsopn 2016/03/08 v2.02 operator names
)
\inf@bad=\count192
LaTeX Info: Redefining \frac on input line 223.
\uproot@=\count193
\leftroot@=\count194
LaTeX Info: Redefining \overline on input line 385.
\classnum@=\count195
\DOTSCASE@=\count196
LaTeX Info: Redefining \ldots on input line 482.
LaTeX Info: Redefining \dots on input line 485.
LaTeX Info: Redefining \cdots on input line 606.
\Mathstrutbox@=\box52
\strutbox@=\box53
\big@size=\dimen146
LaTeX Font Info:    Redeclaring font encoding OML on input line 729.
LaTeX Font Info:    Redeclaring font encoding OMS on input line 730.
\macc@depth=\count197
\c@MaxMatrixCols=\count198
\dotsspace@=\muskip16
\c@parentequation=\count199
\dspbrk@lvl=\count266
\tag@help=\toks18
\row@=\count267
\column@=\count268
\maxfields@=\count269
\andhelp@=\toks19
\eqnshift@=\dimen147
\alignsep@=\dimen148
\tagshift@=\dimen149
\tagwidth@=\dimen150
\totwidth@=\dimen151
\lineht@=\dimen152
\@envbody=\toks20
\multlinegap=\skip54
\multlinetaggap=\skip55
\mathdisplay@stack=\toks21
LaTeX Info: Redefining \[ on input line 2844.
LaTeX Info: Redefining \] on input line 2845.
) (d:/software/texlive/2019/texmf-dist/tex/latex/graphics/color.sty
Package: color 2016/07/10 v1.1e Standard LaTeX Color (DPC)
 (d:/software/texlive/2019/texmf-dist/tex/latex/graphics-cfg/color.cfg
File: color.cfg 2016/01/02 v1.6 sample color configuration
)
Package color Info: Driver file: pdftex.def on input line 147.
) (d:/software/texlive/2019/texmf-dist/tex/latex/amsfonts/amssymb.sty
Package: amssymb 2013/01/14 v3.01 AMS font symbols
 (d:/software/texlive/2019/texmf-dist/tex/latex/amsfonts/amsfonts.sty
Package: amsfonts 2013/01/14 v3.01 Basic AMSFonts support
\symAMSa=\mathgroup4
\symAMSb=\mathgroup5
LaTeX Font Info:    Overwriting math alphabet `\mathfrak' in version `bold'
(Font)                  U/euf/m/n --> U/euf/b/n on input line 106.
)) (d:/software/texlive/2019/texmf-dist/tex/latex/cases/cases.sty
Package: cases 2002/05/02 ver 2.5 
) (d:/software/texlive/2019/texmf-dist/tex/latex/float/float.sty
Package: float 2001/11/08 v1.3d Float enhancements (AL)
\c@float@type=\count270
\float@exts=\toks22
\float@box=\box54
\@float@everytoks=\toks23
\@floatcapt=\box55
) (d:/software/texlive/2019/texmf-dist/tex/latex/graphics/graphicx.sty
Package: graphicx 2017/06/01 v1.1a Enhanced LaTeX Graphics (DPC,SPQR)
 (d:/software/texlive/2019/texmf-dist/tex/latex/graphics/keyval.sty
Package: keyval 2014/10/28 v1.15 key=value parser (DPC)
\KV@toks@=\toks24
)
\Gin@req@height=\dimen153
\Gin@req@width=\dimen154
) (d:/software/texlive/2019/texmf-dist/tex/latex/caption/subcaption.sty
Package: subcaption 2018/05/01 v1.1-162 Sub-captions (AR)
 (d:/software/texlive/2019/texmf-dist/tex/latex/caption/caption.sty
Package: caption 2018/10/06 v3.3-154 Customizing captions (AR)
 (d:/software/texlive/2019/texmf-dist/tex/latex/caption/caption3.sty
Package: caption3 2018/09/12 v1.8c caption3 kernel (AR)
Package caption3 Info: TeX engine: e-TeX on input line 64.
\captionmargin=\dimen155
\captionmargin@=\dimen156
\captionwidth=\dimen157
\caption@tempdima=\dimen158
\caption@indent=\dimen159
\caption@parindent=\dimen160
\caption@hangindent=\dimen161
)
\c@caption@flags=\count271
\c@ContinuedFloat=\count272
Package caption Info: float package is loaded.
)
\c@subfigure=\count273
\c@subtable=\count274
) (d:/software/texlive/2019/texmf-dist/tex/latex/mathtools/mathtools.sty
Package: mathtools 2018/01/08 v1.21 mathematical typesetting tools
 (d:/software/texlive/2019/texmf-dist/tex/latex/tools/calc.sty
Package: calc 2017/05/25 v4.3 Infix arithmetic (KKT,FJ)
\calc@Acount=\count275
\calc@Bcount=\count276
\calc@Adimen=\dimen162
\calc@Bdimen=\dimen163
\calc@Askip=\skip56
\calc@Bskip=\skip57
LaTeX Info: Redefining \setlength on input line 80.
LaTeX Info: Redefining \addtolength on input line 81.
\calc@Ccount=\count277
\calc@Cskip=\skip58
) (d:/software/texlive/2019/texmf-dist/tex/latex/mathtools/mhsetup.sty
Package: mhsetup 2017/03/31 v1.3 programming setup (MH)
)
LaTeX Info: Thecontrolsequence`\('isalreadyrobust on input line 129.
LaTeX Info: Thecontrolsequence`\)'isalreadyrobust on input line 129.
LaTeX Info: Thecontrolsequence`\['isalreadyrobust on input line 129.
LaTeX Info: Thecontrolsequence`\]'isalreadyrobust on input line 129.
\g_MT_multlinerow_int=\count278
\l_MT_multwidth_dim=\dimen164
\origjot=\skip59
\l_MT_shortvdotswithinadjustabove_dim=\dimen165
\l_MT_shortvdotswithinadjustbelow_dim=\dimen166
\l_MT_above_intertext_sep=\dimen167
\l_MT_below_intertext_sep=\dimen168
\l_MT_above_shortintertext_sep=\dimen169
\l_MT_below_shortintertext_sep=\dimen170
) (d:/software/texlive/2019/texmf-dist/tex/latex/booktabs/booktabs.sty
Package: booktabs 2016/04/27 v1.618033 publication quality tables
\heavyrulewidth=\dimen171
\lightrulewidth=\dimen172
\cmidrulewidth=\dimen173
\belowrulesep=\dimen174
\belowbottomsep=\dimen175
\aboverulesep=\dimen176
\abovetopsep=\dimen177
\cmidrulesep=\dimen178
\cmidrulekern=\dimen179
\defaultaddspace=\dimen180
\@cmidla=\count279
\@cmidlb=\count280
\@aboverulesep=\dimen181
\@belowrulesep=\dimen182
\@thisruleclass=\count281
\@lastruleclass=\count282
\@thisrulewidth=\dimen183
) (d:/software/texlive/2019/texmf-dist/tex/latex/multirow/multirow.sty
Package: multirow 2019/01/01 v2.4 Span multiple rows of a table
\multirow@colwidth=\skip60
\multirow@cntb=\count283
\multirow@dima=\skip61
\bigstrutjot=\dimen184
) (d:/software/texlive/2019/texmf-dist/tex/latex/arydshln/arydshln.sty
Package: arydshln 2019/02/21 v1.76 
\dashlinedash=\dimen185
\dashlinegap=\dimen186
\adl@box=\box56
\adl@height=\dimen187
\adl@heightsave=\dimen188
\adl@depth=\dimen189
\adl@depthsave=\dimen190
\adl@finaldepth=\dimen191
\adl@columns=\count284
\adl@ncol=\count285
\adl@currentcolumn=\count286
\adl@currentcolumnsave=\count287
\adl@totalheight=\count288
\adl@totalheightsave=\count289
\adl@dash=\count290
\adl@gap=\count291
\adl@cla=\count292
\adl@clb=\count293
\adl@everyvbox=\toks25
\adl@LTpagetotal=\dimen192
) (d:/software/texlive/2019/texmf-dist/tex/latex/hyperref/hyperref.sty
Package: hyperref 2018/11/30 v6.88e Hypertext links for LaTeX
 (d:/software/texlive/2019/texmf-dist/tex/generic/oberdiek/hobsub-hyperref.sty
Package: hobsub-hyperref 2016/05/16 v1.14 Bundle oberdiek, subset hyperref (HO)
 (d:/software/texlive/2019/texmf-dist/tex/generic/oberdiek/hobsub-generic.sty
Package: hobsub-generic 2016/05/16 v1.14 Bundle oberdiek, subset generic (HO)
Package: hobsub 2016/05/16 v1.14 Construct package bundles (HO)
Package: infwarerr 2016/05/16 v1.4 Providing info/warning/error messages (HO)
Package: ltxcmds 2016/05/16 v1.23 LaTeX kernel commands for general use (HO)
Package: ifluatex 2016/05/16 v1.4 Provides the ifluatex switch (HO)
Package ifluatex Info: LuaTeX not detected.
Package: ifvtex 2016/05/16 v1.6 Detect VTeX and its facilities (HO)
Package ifvtex Info: VTeX not detected.
Package: intcalc 2016/05/16 v1.2 Expandable calculations with integers (HO)
Package hobsub Info: Skipping package `ifpdf' (already loaded).
Package: etexcmds 2016/05/16 v1.6 Avoid name clashes with e-TeX commands (HO)
Package: kvsetkeys 2016/05/16 v1.17 Key value parser (HO)
Package: kvdefinekeys 2016/05/16 v1.4 Define keys (HO)
Package: pdftexcmds 2018/09/10 v0.29 Utility functions of pdfTeX for LuaTeX (HO)
Package pdftexcmds Info: LuaTeX not detected.
Package pdftexcmds Info: \pdf@primitive is available.
Package pdftexcmds Info: \pdf@ifprimitive is available.
Package pdftexcmds Info: \pdfdraftmode found.
Package: pdfescape 2016/05/16 v1.14 Implements pdfTeX's escape features (HO)
Package: bigintcalc 2016/05/16 v1.4 Expandable calculations on big integers (HO)
Package: bitset 2016/05/16 v1.2 Handle bit-vector datatype (HO)
Package: uniquecounter 2016/05/16 v1.3 Provide unlimited unique counter (HO)
)
Package hobsub Info: Skipping package `hobsub' (already loaded).
Package: letltxmacro 2016/05/16 v1.5 Let assignment for LaTeX macros (HO)
Package: hopatch 2016/05/16 v1.3 Wrapper for package hooks (HO)
Package: xcolor-patch 2016/05/16 xcolor patch
Package: atveryend 2016/05/16 v1.9 Hooks at the very end of document (HO)
Package atveryend Info: \enddocument detected (standard20110627).
Package: atbegshi 2016/06/09 v1.18 At begin shipout hook (HO)
Package: refcount 2016/05/16 v3.5 Data extraction from label references (HO)
Package: hycolor 2016/05/16 v1.8 Color options for hyperref/bookmark (HO)
) (d:/software/texlive/2019/texmf-dist/tex/generic/ifxetex/ifxetex.sty
Package: ifxetex 2010/09/12 v0.6 Provides ifxetex conditional
) (d:/software/texlive/2019/texmf-dist/tex/latex/oberdiek/auxhook.sty
Package: auxhook 2016/05/16 v1.4 Hooks for auxiliary files (HO)
) (d:/software/texlive/2019/texmf-dist/tex/latex/oberdiek/kvoptions.sty
Package: kvoptions 2016/05/16 v3.12 Key value format for package options (HO)
)
\@linkdim=\dimen193
\Hy@linkcounter=\count294
\Hy@pagecounter=\count295
 (d:/software/texlive/2019/texmf-dist/tex/latex/hyperref/pd1enc.def
File: pd1enc.def 2018/11/30 v6.88e Hyperref: PDFDocEncoding definition (HO)
Now handling font encoding PD1 ...
... no UTF-8 mapping file for font encoding PD1
)
\Hy@SavedSpaceFactor=\count296
 (d:/software/texlive/2019/texmf-dist/tex/latex/latexconfig/hyperref.cfg
File: hyperref.cfg 2002/06/06 v1.2 hyperref configuration of TeXLive
)
Package hyperref Info: Option `unicode' set `true' on input line 4393.
 (d:/software/texlive/2019/texmf-dist/tex/latex/hyperref/puenc.def
File: puenc.def 2018/11/30 v6.88e Hyperref: PDF Unicode definition (HO)
Now handling font encoding PU ...
... no UTF-8 mapping file for font encoding PU
)
Package hyperref Info: Hyper figures OFF on input line 4519.
Package hyperref Info: Link nesting OFF on input line 4524.
Package hyperref Info: Hyper index ON on input line 4527.
Package hyperref Info: Plain pages OFF on input line 4534.
Package hyperref Info: Backreferencing OFF on input line 4539.
Package hyperref Info: Implicit mode ON; LaTeX internals redefined.
Package hyperref Info: Bookmarks ON on input line 4772.
\c@Hy@tempcnt=\count297
 (d:/software/texlive/2019/texmf-dist/tex/latex/url/url.sty
\Urlmuskip=\muskip17
Package: url 2013/09/16  ver 3.4  Verb mode for urls, etc.
)
LaTeX Info: Redefining \url on input line 5125.
\XeTeXLinkMargin=\dimen194
\Fld@menulength=\count298
\Field@Width=\dimen195
\Fld@charsize=\dimen196
Package hyperref Info: Hyper figures OFF on input line 6380.
Package hyperref Info: Link nesting OFF on input line 6385.
Package hyperref Info: Hyper index ON on input line 6388.
Package hyperref Info: backreferencing OFF on input line 6395.
Package hyperref Info: Link coloring OFF on input line 6400.
Package hyperref Info: Link coloring with OCG OFF on input line 6405.
Package hyperref Info: PDF/A mode OFF on input line 6410.
LaTeX Info: Redefining \ref on input line 6450.
LaTeX Info: Redefining \pageref on input line 6454.
\Hy@abspage=\count299
\c@Item=\count300
\c@Hfootnote=\count301
)
Package hyperref Info: Driver (autodetected): hpdftex.
 (d:/software/texlive/2019/texmf-dist/tex/latex/hyperref/hpdftex.def
File: hpdftex.def 2018/11/30 v6.88e Hyperref driver for pdfTeX
\Fld@listcount=\count302
\c@bookmark@seq@number=\count303
 (d:/software/texlive/2019/texmf-dist/tex/latex/oberdiek/rerunfilecheck.sty
Package: rerunfilecheck 2016/05/16 v1.8 Rerun checks for auxiliary files (HO)
Package uniquecounter Info: New unique counter `rerunfilecheck' on input line 282.
)
\Hy@SectionHShift=\skip62
) (d:/software/texlive/2019/texmf-dist/tex/latex/cite/cite.sty
LaTeX Info: Redefining \cite on input line 302.
LaTeX Info: Redefining \nocite on input line 332.
Package: cite 2015/02/27  v 5.5
) (d:/software/texlive/2019/texmf-dist/tex/latex/chngcntr/chngcntr.sty
Package: chngcntr 2018/04/09 v1.1a change counter resetting
Package chngcntr Info: \counterwithout already defined.
(chngcntr)             Quitting chngcntr on input line 21.
) (d:/software/texlive/2019/texmf-dist/tex/latex/geometry/geometry.sty
Package: geometry 2018/04/16 v5.8 Page Geometry
\Gm@cnth=\count304
\Gm@cntv=\count305
\c@Gm@tempcnt=\count306
\Gm@bindingoffset=\dimen197
\Gm@wd@mp=\dimen198
\Gm@odd@mp=\dimen199
\Gm@even@mp=\dimen256
\Gm@layoutwidth=\dimen257
\Gm@layoutheight=\dimen258
\Gm@layouthoffset=\dimen259
\Gm@layoutvoffset=\dimen260
\Gm@dimlist=\toks26
) (d:/software/texlive/2019/texmf-dist/tex/latex/cjk/texinput/UTF8/UTF8.bdg
File: UTF8.bdg 2015/04/18 4.8.4
) (d:/software/texlive/2019/texmf-dist/tex/latex/cjk/texinput/UTF8/UTF8.enc
File: UTF8.enc 2015/04/18 4.8.4
) (d:/software/texlive/2019/texmf-dist/tex/latex/cjk/texinput/UTF8/UTF8.chr
File: UTF8.chr 2015/04/18 4.8.4
) (./Robomaster.aux)
\openout1 = `Robomaster.aux'.

LaTeX Font Info:    Checking defaults for OML/cmm/m/it on input line 29.
LaTeX Font Info:    ... okay on input line 29.
LaTeX Font Info:    Checking defaults for T1/cmr/m/n on input line 29.
LaTeX Font Info:    ... okay on input line 29.
LaTeX Font Info:    Checking defaults for OT1/cmr/m/n on input line 29.
LaTeX Font Info:    ... okay on input line 29.
LaTeX Font Info:    Checking defaults for OMS/cmsy/m/n on input line 29.
LaTeX Font Info:    ... okay on input line 29.
LaTeX Font Info:    Checking defaults for OMX/cmex/m/n on input line 29.
LaTeX Font Info:    ... okay on input line 29.
LaTeX Font Info:    Checking defaults for U/cmr/m/n on input line 29.
LaTeX Font Info:    ... okay on input line 29.
LaTeX Font Info:    Checking defaults for TS1/cmr/m/n on input line 29.
LaTeX Font Info:    ... okay on input line 29.
LaTeX Font Info:    Checking defaults for C00/song/m/n on input line 29.
LaTeX Font Info:    ... okay on input line 29.
LaTeX Font Info:    Checking defaults for C05/song/m/n on input line 29.
LaTeX Font Info:    ... okay on input line 29.
LaTeX Font Info:    Checking defaults for C09/song/m/n on input line 29.
LaTeX Font Info:    ... okay on input line 29.
LaTeX Font Info:    Checking defaults for C10/song/m/n on input line 29.
LaTeX Font Info:    ... okay on input line 29.
LaTeX Font Info:    Checking defaults for C20/song/m/n on input line 29.
LaTeX Font Info:    ... okay on input line 29.
LaTeX Font Info:    Checking defaults for C19/song/m/n on input line 29.
LaTeX Font Info:    ... okay on input line 29.
LaTeX Font Info:    Checking defaults for C40/song/m/n on input line 29.
LaTeX Font Info:    ... okay on input line 29.
LaTeX Font Info:    Checking defaults for C42/song/m/n on input line 29.
LaTeX Font Info:    ... okay on input line 29.
LaTeX Font Info:    Checking defaults for C43/song/m/n on input line 29.
LaTeX Font Info:    ... okay on input line 29.
LaTeX Font Info:    Checking defaults for C50/song/m/n on input line 29.
LaTeX Font Info:    ... okay on input line 29.
LaTeX Font Info:    Checking defaults for C52/song/m/n on input line 29.
LaTeX Font Info:    ... okay on input line 29.
LaTeX Font Info:    Checking defaults for C49/song/m/n on input line 29.
LaTeX Font Info:    ... okay on input line 29.
LaTeX Font Info:    Checking defaults for C60/mj/m/n on input line 29.
LaTeX Font Info:    ... okay on input line 29.
LaTeX Font Info:    Checking defaults for C61/mj/m/n on input line 29.
LaTeX Font Info:    ... okay on input line 29.
LaTeX Font Info:    Checking defaults for C63/mj/m/n on input line 29.
LaTeX Font Info:    ... okay on input line 29.
LaTeX Font Info:    Checking defaults for C64/mj/m/n on input line 29.
LaTeX Font Info:    ... okay on input line 29.
LaTeX Font Info:    Checking defaults for C65/mj/m/n on input line 29.
LaTeX Font Info:    ... okay on input line 29.
LaTeX Font Info:    Checking defaults for C70/song/m/n on input line 29.
LaTeX Font Info:    ... okay on input line 29.
LaTeX Font Info:    Checking defaults for C31/song/m/n on input line 29.
LaTeX Font Info:    ... okay on input line 29.
LaTeX Font Info:    Checking defaults for C32/song/m/n on input line 29.
LaTeX Font Info:    ... okay on input line 29.
LaTeX Font Info:    Checking defaults for C33/song/m/n on input line 29.
LaTeX Font Info:    ... okay on input line 29.
LaTeX Font Info:    Checking defaults for C34/song/m/n on input line 29.
LaTeX Font Info:    ... okay on input line 29.
LaTeX Font Info:    Checking defaults for C35/song/m/n on input line 29.
LaTeX Font Info:    ... okay on input line 29.
LaTeX Font Info:    Checking defaults for C36/song/m/n on input line 29.
LaTeX Font Info:    ... okay on input line 29.
LaTeX Font Info:    Checking defaults for C37/song/m/n on input line 29.
LaTeX Font Info:    ... okay on input line 29.
LaTeX Font Info:    Checking defaults for C80/song/m/n on input line 29.
LaTeX Font Info:    ... okay on input line 29.
LaTeX Font Info:    Checking defaults for C81/song/m/n on input line 29.
LaTeX Font Info:    ... okay on input line 29.
LaTeX Font Info:    Checking defaults for C01/song/m/n on input line 29.
LaTeX Font Info:    ... okay on input line 29.
LaTeX Font Info:    Checking defaults for C11/song/m/n on input line 29.
LaTeX Font Info:    ... okay on input line 29.
LaTeX Font Info:    Checking defaults for C21/song/m/n on input line 29.
LaTeX Font Info:    ... okay on input line 29.
LaTeX Font Info:    Checking defaults for C41/song/m/n on input line 29.
LaTeX Font Info:    ... okay on input line 29.
LaTeX Font Info:    Checking defaults for C62/song/m/n on input line 29.
LaTeX Font Info:    ... okay on input line 29.
LaTeX Font Info:    Checking defaults for PD1/pdf/m/n on input line 29.
LaTeX Font Info:    ... okay on input line 29.
LaTeX Font Info:    Checking defaults for PU/pdf/m/n on input line 29.
LaTeX Font Info:    ... okay on input line 29.
 ABD: EverySelectfont initializing macros
LaTeX Info: Redefining \selectfont on input line 29.
 (d:/software/texlive/2019/texmf-dist/tex/context/base/mkii/supp-pdf.mkii
[Loading MPS to PDF converter (version 2006.09.02).]
\scratchcounter=\count307
\scratchdimen=\dimen261
\scratchbox=\box57
\nofMPsegments=\count308
\nofMParguments=\count309
\everyMPshowfont=\toks27
\MPscratchCnt=\count310
\MPscratchDim=\dimen262
\MPnumerator=\count311
\makeMPintoPDFobject=\count312
\everyMPtoPDFconversion=\toks28
) (d:/software/texlive/2019/texmf-dist/tex/latex/oberdiek/epstopdf-base.sty
Package: epstopdf-base 2016/05/15 v2.6 Base part for package epstopdf
 (d:/software/texlive/2019/texmf-dist/tex/latex/oberdiek/grfext.sty
Package: grfext 2016/05/16 v1.2 Manage graphics extensions (HO)
)
Package epstopdf-base Info: Redefining graphics rule for `.eps' on input line 438.
Package grfext Info: Graphics extension search list:
(grfext)             [.pdf,.png,.jpg,.mps,.jpeg,.jbig2,.jb2,.PDF,.PNG,.JPG,.JPEG,.JBIG2,.JB2,.eps]
(grfext)             \AppendGraphicsExtensions on input line 456.
 (d:/software/texlive/2019/texmf-dist/tex/latex/latexconfig/epstopdf-sys.cfg
File: epstopdf-sys.cfg 2010/07/13 v1.3 Configuration of (r)epstopdf for TeX Live
))
Package caption Info: Begin \AtBeginDocument code.
Package caption Info: hyperref package is loaded.
Package caption Info: End \AtBeginDocument code.
\AtBeginShipoutBox=\box58
Package hyperref Info: Link coloring OFF on input line 29.
 (d:/software/texlive/2019/texmf-dist/tex/latex/hyperref/nameref.sty
Package: nameref 2016/05/21 v2.44 Cross-referencing by name of section
 (d:/software/texlive/2019/texmf-dist/tex/generic/oberdiek/gettitlestring.sty
Package: gettitlestring 2016/05/16 v1.5 Cleanup title references (HO)
)
\c@section@level=\count313
)
LaTeX Info: Redefining \ref on input line 29.
LaTeX Info: Redefining \pageref on input line 29.
LaTeX Info: Redefining \nameref on input line 29.
 (./Robomaster.out) (./Robomaster.out)
\@outlinefile=\write3
\openout3 = `Robomaster.out'.


*geometry* driver: auto-detecting
*geometry* detected driver: pdftex
*geometry* verbose mode - [ preamble ] result:
* driver: pdftex
* paper: a4paper
* layout: <same size as paper>
* layoutoffset:(h,v)=(0.0pt,0.0pt)
* modes: 
* h-part:(L,W,R)=(42.67912pt, 512.14963pt, 42.67912pt)
* v-part:(T,H,B)=(72.26997pt, 700.5069pt, 72.26997pt)
* \paperwidth=597.50787pt
* \paperheight=845.04684pt
* \textwidth=512.14963pt
* \textheight=700.5069pt
* \oddsidemargin=-29.59087pt
* \evensidemargin=-29.59087pt
* \topmargin=-37.00002pt
* \headheight=12.0pt
* \headsep=25.0pt
* \topskip=10.0pt
* \footskip=30.0pt
* \marginparwidth=65.0pt
* \marginparsep=11.0pt
* \columnsep=10.0pt
* \skip\footins=9.0pt plus 4.0pt minus 2.0pt
* \hoffset=0.0pt
* \voffset=0.0pt
* \mag=1000
* \@twocolumnfalse
* \@twosidefalse
* \@mparswitchfalse
* \@reversemarginfalse
* (1in=72.27pt=25.4mm, 1cm=28.453pt)

LaTeX Font Info:    Try loading font information for C70+rm on input line 32.
(d:/software/texlive/2019/texmf-dist/tex/latex/ctex/fd/c70rm.fd
File: c70rm.fd 2019/04/07 v2.4.15 Chinese font definition (CTEX)
)
Package CJKpunct Info: use punctuation spaces for family 'rm' with punctstyle (quanjiao) on input line 32.
LaTeX Font Info:    Try loading font information for U+msa on input line 32.
 (d:/software/texlive/2019/texmf-dist/tex/latex/amsfonts/umsa.fd
File: umsa.fd 2013/01/14 v3.01 AMS symbols A
)
LaTeX Font Info:    Try loading font information for U+msb on input line 32.
 (d:/software/texlive/2019/texmf-dist/tex/latex/amsfonts/umsb.fd
File: umsb.fd 2013/01/14 v3.01 AMS symbols B
) (d:/software/texlive/2019/texmf-dist/tex/generic/ctex/zhwindowsfonts.tex
File: zhwindowsfonts.tex 2019/04/07 v2.4.15 Windows font map loader for pdfTeX and DVIPDFMx (CTEX)
) [1

] (./Robomaster.toc [2])
\tf@toc=\write4
\openout4 = `Robomaster.toc'.

 [3]
<figure/kai1.jpg, id=401, 625.58719pt x 394.85016pt>
File: figure/kai1.jpg Graphic file (type jpg)
<use figure/kai1.jpg>
Package pdftex.def Info: figure/kai1.jpg  used on input line 42.
(pdftex.def)             Requested size: 256.07481pt x 161.63054pt.
<figure/lv.png, id=406, 254.47183pt x 181.69289pt>
File: figure/lv.png Graphic file (type png)
<use figure/lv.png>
Package pdftex.def Info: figure/lv.png  used on input line 57.
(pdftex.def)             Requested size: 199.73804pt x 142.61258pt.
<figure/tan.png, id=408, 259.96404pt x 159.61792pt>
File: figure/tan.png Graphic file (type png)
<use figure/tan.png>
Package pdftex.def Info: figure/tan.png  used on input line 64.
(pdftex.def)             Requested size: 230.46576pt x 141.51149pt.
LaTeX Font Info:    Try loading font information for OMS+cmr on input line 74.
 (d:/software/texlive/2019/texmf-dist/tex/latex/base/omscmr.fd
File: omscmr.fd 2014/09/29 v2.5h Standard LaTeX font definitions
)
LaTeX Font Info:    Font shape `OMS/cmr/m/n' in size <10.53937> not available
(Font)              Font shape `OMS/cmsy/m/n' tried instead on input line 74.
 [4 <./figure/kai1.jpg> <./figure/lv.png> <./figure/tan.png>]
<figure/chicun1.jpg, id=444, 316.33974pt x 237.09631pt>
File: figure/chicun1.jpg Graphic file (type jpg)
<use figure/chicun1.jpg>
Package pdftex.def Info: figure/chicun1.jpg  used on input line 79.
(pdftex.def)             Requested size: 153.64644pt x 115.16159pt.
<figure/tan1.png, id=451, 239.9364pt x 147.4308pt>
File: figure/tan1.png Graphic file (type png)
<use figure/tan1.png>
Package pdftex.def Info: figure/tan1.png  used on input line 104.
(pdftex.def)             Requested size: 199.73804pt x 122.73647pt.
<figure/tan2.png, id=452, 239.805pt x 187.20543pt>
File: figure/tan2.png Graphic file (type png)
<use figure/tan2.png>
Package pdftex.def Info: figure/tan2.png  used on input line 110.
(pdftex.def)             Requested size: 153.64644pt x 119.94817pt.
 [5 <./figure/chicun1.jpg> <./figure/tan1.png> <./figure/tan2.png>]
<figure/xing1.png, id=486, 306.99818pt x 178.58455pt>
File: figure/xing1.png Graphic file (type png)
<use figure/xing1.png>
Package pdftex.def Info: figure/xing1.png  used on input line 131.
(pdftex.def)             Requested size: 199.73804pt x 116.19301pt.
<figure/xing2.png, id=487, 282.30469pt x 182.93344pt>
File: figure/xing2.png Graphic file (type png)
<use figure/xing2.png>
Package pdftex.def Info: figure/xing2.png  used on input line 137.
(pdftex.def)             Requested size: 204.85672pt x 132.75034pt.
<figure/chuan1.png, id=489, 229.3368pt x 229.3368pt>
File: figure/chuan1.png Graphic file (type png)
<use figure/chuan1.png>
Package pdftex.def Info: figure/chuan1.png  used on input line 149.
(pdftex.def)             Requested size: 153.64644pt x 153.65135pt.
<figure/chaun2.png, id=490, 238.491pt x 238.491pt>
File: figure/chaun2.png Graphic file (type png)
<use figure/chaun2.png>
Package pdftex.def Info: figure/chaun2.png  used on input line 155.
(pdftex.def)             Requested size: 153.64644pt x 153.649pt.
<figure/chaun3.png, id=491, 244.41876pt x 244.41876pt>
File: figure/chaun3.png Graphic file (type png)
<use figure/chaun3.png>
Package pdftex.def Info: figure/chaun3.png  used on input line 160.
(pdftex.def)             Requested size: 153.64644pt x 153.6527pt.
 [6 <./figure/xing1.png> <./figure/xing2.png> <./figure/chuan1.png> <./figure/chaun2.png> <./figure/chaun3.png>]
<figure/ban1.png, id=506, 335.6175pt x 260.0625pt>
File: figure/ban1.png Graphic file (type png)
<use figure/ban1.png>
Package pdftex.def Info: figure/ban1.png  used on input line 181.
(pdftex.def)             Requested size: 153.64644pt x 119.05876pt.
<figure/ban2.png, id=507, 307.61076pt x 188.39615pt>
File: figure/ban2.png Graphic file (type png)
<use figure/ban2.png>
Package pdftex.def Info: figure/ban2.png  used on input line 203.
(pdftex.def)             Requested size: 153.64644pt x 94.1001pt.
<figure/ban3.png, id=509, 301.125pt x 184.2885pt>
File: figure/ban3.png Graphic file (type png)
<use figure/ban3.png>
Package pdftex.def Info: figure/ban3.png  used on input line 217.
(pdftex.def)             Requested size: 153.64644pt x 94.03369pt.


LaTeX Warning: `h' float specifier changed to `ht'.

[7 <./figure/ban1.png> <./figure/ban2.png>]
<figure/ji.png, id=524, 301.125pt x 225.84375pt>
File: figure/ji.png Graphic file (type png)
<use figure/ji.png>
Package pdftex.def Info: figure/ji.png  used on input line 233.
(pdftex.def)             Requested size: 153.64644pt x 115.23737pt.
<figure/3.png, id=525, 301.5711pt x 197.1811pt>
File: figure/3.png Graphic file (type png)
<use figure/3.png>
Package pdftex.def Info: figure/3.png  used on input line 246.
(pdftex.def)             Requested size: 153.64644pt x 100.46173pt.
 [8 <./figure/ban3.png> <./figure/ji.png> <./figure/3.png>]
<figure/luo1.png, id=544, 159.47182pt x 109.89818pt>
File: figure/luo1.png Graphic file (type png)
<use figure/luo1.png>
Package pdftex.def Info: figure/luo1.png  used on input line 279.
(pdftex.def)             Requested size: 199.73804pt x 137.64905pt.
<figure/luo11.png, id=545, 105.996pt x 106.9596pt>
File: figure/luo11.png Graphic file (type png)
<use figure/luo11.png>
Package pdftex.def Info: figure/luo11.png  used on input line 285.
(pdftex.def)             Requested size: 153.64644pt x 155.05968pt.
<figure/luo2.png, id=546, 161.403pt x 119.4864pt>
File: figure/luo2.png Graphic file (type png)
<use figure/luo2.png>
Package pdftex.def Info: figure/luo2.png  used on input line 297.
(pdftex.def)             Requested size: 199.73804pt x 147.87535pt.
<figure/luo22.png, id=547, 161.50774pt x 119.1821pt>
File: figure/luo22.png Graphic file (type png)
<use figure/luo22.png>
Package pdftex.def Info: figure/luo22.png  used on input line 303.
(pdftex.def)             Requested size: 204.85672pt x 151.17589pt.
 [9 <./figure/luo1.png> <./figure/luo11.png>]
<figure/luo3.png, id=566, 165.7392pt x 105.0324pt>
File: figure/luo3.png Graphic file (type png)
<use figure/luo3.png>
Package pdftex.def Info: figure/luo3.png  used on input line 313.
(pdftex.def)             Requested size: 128.0374pt x 81.14122pt.
<figure/luo4.png, id=567, 126.2316pt x 126.2316pt>
File: figure/luo4.png Graphic file (type png)
<use figure/luo4.png>
Package pdftex.def Info: figure/luo4.png  used on input line 321.
(pdftex.def)             Requested size: 128.0374pt x 128.04955pt.
<figure/luo5.png, id=568, 255.8358pt x 121.8954pt>
File: figure/luo5.png Graphic file (type png)
<use figure/luo5.png>
Package pdftex.def Info: figure/luo5.png  used on input line 329.
(pdftex.def)             Requested size: 128.0374pt x 61.0052pt.
 [10 <./figure/luo2.png> <./figure/luo22.png> <./figure/luo3.png> <./figure/luo4.png> <./figure/luo5.png>]
<figure/luo6.png, id=582, 132.9768pt x 130.086pt>
File: figure/luo6.png Graphic file (type png)
<use figure/luo6.png>
Package pdftex.def Info: figure/luo6.png  used on input line 337.
(pdftex.def)             Requested size: 128.0374pt x 125.26024pt.
<figure/jiao1.png, id=583, 128.6406pt x 118.5228pt>
File: figure/jiao1.png Graphic file (type png)
<use figure/jiao1.png>
Package pdftex.def Info: figure/jiao1.png  used on input line 349.
(pdftex.def)             Requested size: 153.64644pt x 141.57736pt.
<figure/jiao2.png, id=584, 168.63pt x 116.1138pt>
File: figure/jiao2.png Graphic file (type png)
<use figure/jiao2.png>
Package pdftex.def Info: figure/jiao2.png  used on input line 355.
(pdftex.def)             Requested size: 204.85672pt x 141.06154pt.
<figure/jiao3.png, id=585, 125.7498pt x 126.7134pt>
File: figure/jiao3.png Graphic file (type png)
<use figure/jiao3.png>
Package pdftex.def Info: figure/jiao3.png  used on input line 361.
(pdftex.def)             Requested size: 153.64644pt x 154.84145pt.
<figure/jiao4.png, id=586, 176.3388pt x 117.5592pt>
File: figure/jiao4.png Graphic file (type png)
<use figure/jiao4.png>
Package pdftex.def Info: figure/jiao4.png  used on input line 367.
(pdftex.def)             Requested size: 204.85672pt x 136.57863pt.
<figure/fa1.png, id=587, 171.765pt x 171.765pt>
File: figure/fa1.png Graphic file (type png)
<use figure/fa1.png>
Package pdftex.def Info: figure/fa1.png  used on input line 379.
(pdftex.def)             Requested size: 102.42836pt x 102.43077pt.
<figure/fa2.png, id=588, 173.05469pt x 179.44592pt>
File: figure/fa2.png Graphic file (type png)
<use figure/fa2.png>
Package pdftex.def Info: figure/fa2.png  used on input line 385.
(pdftex.def)             Requested size: 102.42836pt x 106.21443pt.
<figure/fa3.png, id=589, 299.6796pt x 183.5658pt>
File: figure/fa3.png Graphic file (type png)
<use figure/fa3.png>
Package pdftex.def Info: figure/fa3.png  used on input line 390.
(pdftex.def)             Requested size: 153.64644pt x 94.11588pt.
 [11 <./figure/luo6.png> <./figure/jiao1.png> <./figure/jiao2.png> <./figure/jiao3.png> <./figure/jiao4.png>]
<figure/lian1.png, id=602, 183.5658pt x 183.084pt>
File: figure/lian1.png Graphic file (type png)
<use figure/lian1.png>
Package pdftex.def Info: figure/lian1.png  used on input line 403.
(pdftex.def)             Requested size: 128.0374pt x 127.70255pt.
<figure/lian2.png, id=603, 394.47375pt x 161.403pt>
File: figure/lian2.png Graphic file (type png)
<use figure/lian2.png>
Package pdftex.def Info: figure/lian2.png  used on input line 409.
(pdftex.def)             Requested size: 153.64644pt x 62.86563pt.
<figure/jl1.png, id=604, 211.0284pt x 158.0304pt>
File: figure/jl1.png Graphic file (type png)
<use figure/jl1.png>
Package pdftex.def Info: figure/jl1.png  used on input line 422.
(pdftex.def)             Requested size: 153.64644pt x 115.06462pt.
<figure/jl2.png, id=605, 194.67325pt x 169.93216pt>
File: figure/jl2.png Graphic file (type png)
<use figure/jl2.png>
Package pdftex.def Info: figure/jl2.png  used on input line 428.
(pdftex.def)             Requested size: 128.0374pt x 111.76402pt.
 [12 <./figure/fa1.png> <./figure/fa2.png> <./figure/fa3.png> <./figure/lian1.png> <./figure/lian2.png> <./figure/jl1.png> <./figure/jl2.png>]
<figure/xiao1.png, id=620, 320.99925pt x 180.675pt>
File: figure/xiao1.png Graphic file (type png)
<use figure/xiao1.png>
Package pdftex.def Info: figure/xiao1.png  used on input line 441.
(pdftex.def)             Requested size: 179.2555pt x 100.8961pt.
<figure/xiao2.png, id=621, 318.4922pt x 137.81721pt>
File: figure/xiao2.png Graphic file (type png)
<use figure/xiao2.png>
Package pdftex.def Info: figure/xiao2.png  used on input line 447.
(pdftex.def)             Requested size: 204.85672pt x 88.64642pt.
<figure/jian1.png, id=622, 306.9066pt x 230.3004pt>
File: figure/jian1.png Graphic file (type png)
<use figure/jian1.png>
Package pdftex.def Info: figure/jian1.png  used on input line 460.
(pdftex.def)             Requested size: 153.64644pt x 115.2975pt.
<figure/mao1.png, id=624, 296.307pt x 243.7908pt>
File: figure/mao1.png Graphic file (type png)
<use figure/mao1.png>
Package pdftex.def Info: figure/mao1.png  used on input line 471.
(pdftex.def)             Requested size: 153.64644pt x 126.41855pt.


LaTeX Warning: `h' float specifier changed to `ht'.

[13 <./figure/xiao1.png> <./figure/xiao2.png> <./figure/jian1.png>]
<figure/mao2.png, id=637, 230.7822pt x 153.6942pt>
File: figure/mao2.png Graphic file (type png)
<use figure/mao2.png>
Package pdftex.def Info: figure/mao2.png  used on input line 490.
(pdftex.def)             Requested size: 153.64644pt x 102.3226pt.
<figure/mao3.png, id=638, 229.95pt x 157.68pt>
File: figure/mao3.png Graphic file (type png)
<use figure/mao3.png>
Package pdftex.def Info: figure/mao3.png  used on input line 496.
(pdftex.def)             Requested size: 153.64644pt x 105.36113pt.
<figure/mao4.png, id=639, 409.28418pt x 148.96469pt>
File: figure/mao4.png Graphic file (type png)
<use figure/mao4.png>
Package pdftex.def Info: figure/mao4.png  used on input line 501.
(pdftex.def)             Requested size: 256.07481pt x 93.20042pt.
 [14 <./figure/mao1.png> <./figure/mao2.png> <./figure/mao3.png> <./figure/mao4.png>]
<figure/zhou1.png, id=651, 319.79475pt x 159.59625pt>
File: figure/zhou1.png Graphic file (type png)
<use figure/zhou1.png>
Package pdftex.def Info: figure/zhou1.png  used on input line 520.
(pdftex.def)             Requested size: 204.85672pt x 102.23865pt.
<figure/zhou2.png, id=652, 206.27063pt x 196.23312pt>
File: figure/zhou2.png Graphic file (type png)
<use figure/zhou2.png>
Package pdftex.def Info: figure/zhou2.png  used on input line 526.
(pdftex.def)             Requested size: 102.42836pt x 97.44559pt.
<figure/zhou3.png, id=653, 295.70474pt x 233.07076pt>
File: figure/zhou3.png Graphic file (type png)
<use figure/zhou3.png>
Package pdftex.def Info: figure/zhou3.png  used on input line 539.
(pdftex.def)             Requested size: 153.64644pt x 121.10146pt.
<figure/zhou4.png, id=654, 382.5492pt x 233.1912pt>
File: figure/zhou4.png Graphic file (type png)
<use figure/zhou4.png>
Package pdftex.def Info: figure/zhou4.png  used on input line 545.
(pdftex.def)             Requested size: 153.64644pt x 93.65555pt.
File: figure/zhou1.png Graphic file (type png)
<use figure/zhou1.png>
Package pdftex.def Info: figure/zhou1.png  used on input line 558.
(pdftex.def)             Requested size: 153.64644pt x 76.6808pt.


LaTeX Warning: `h' float specifier changed to `ht'.

[15 <./figure/zhou1.png> <./figure/zhou2.png> <./figure/zhou3.png> <./figure/zhou4.png>]
<figure/zhou6.png, id=666, 242.1045pt x 169.23225pt>
File: figure/zhou6.png Graphic file (type png)
<use figure/zhou6.png>
Package pdftex.def Info: figure/zhou6.png  used on input line 571.
(pdftex.def)             Requested size: 153.64644pt x 107.40189pt.
<figure/zhou7.png, id=667, 291.489pt x 170.43675pt>
File: figure/zhou7.png Graphic file (type png)
<use figure/zhou7.png>
Package pdftex.def Info: figure/zhou7.png  used on input line 577.
(pdftex.def)             Requested size: 179.2555pt x 104.81146pt.
<figure/zhou8.png, id=668, 319.68848pt x 221.9114pt>
File: figure/zhou8.png Graphic file (type png)
<use figure/zhou8.png>
Package pdftex.def Info: figure/zhou8.png  used on input line 588.
(pdftex.def)             Requested size: 153.64644pt x 106.6517pt.
 [16 <./figure/zhou6.png> <./figure/zhou7.png> <./figure/zhou8.png>]
<figure/zhou9.png, id=680, 235.6002pt x 175.3752pt>
File: figure/zhou9.png Graphic file (type png)
<use figure/zhou9.png>
Package pdftex.def Info: figure/zhou9.png  used on input line 597.
(pdftex.def)             Requested size: 204.85672pt x 152.49223pt.
<figure/th1.png, id=681, 361.8318pt x 270.2898pt>
File: figure/th1.png Graphic file (type png)
<use figure/th1.png>
Package pdftex.def Info: figure/th1.png  used on input line 607.
(pdftex.def)             Requested size: 153.64644pt x 114.77472pt.
<figure/th2.png, id=682, 301.125pt x 225.84375pt>
File: figure/th2.png Graphic file (type png)
<use figure/th2.png>
Package pdftex.def Info: figure/th2.png  used on input line 616.
(pdftex.def)             Requested size: 153.64644pt x 115.23737pt.


LaTeX Warning: `h' float specifier changed to `ht'.

[17 <./figure/zhou9.png> <./figure/th1.png>]
<figure/tan3.png, id=695, 304.4976pt x 210.0648pt>
File: figure/tan3.png Graphic file (type png)
<use figure/tan3.png>
Package pdftex.def Info: figure/tan3.png  used on input line 635.
(pdftex.def)             Requested size: 153.64644pt x 106.00014pt.
<figure/th.png, id=696, 301.125pt x 278.84175pt>
File: figure/th.png Graphic file (type png)
<use figure/th.png>
Package pdftex.def Info: figure/th.png  used on input line 644.
(pdftex.def)             Requested size: 153.64644pt x 142.27972pt.
 [18 <./figure/th2.png> <./figure/tan3.png> <./figure/th.png>]
<figure/th3.png, id=707, 321.8424pt x 228.3732pt>
File: figure/th3.png Graphic file (type png)
<use figure/th3.png>
Package pdftex.def Info: figure/th3.png  used on input line 654.
(pdftex.def)             Requested size: 153.64644pt x 109.02898pt.
<figure/th4.png, id=709, 276.0714pt x 238.0092pt>
File: figure/th4.png Graphic file (type png)
<use figure/th4.png>
Package pdftex.def Info: figure/th4.png  used on input line 664.
(pdftex.def)             Requested size: 153.64644pt x 132.46346pt.
<figure/qi1.png, id=710, 547.43103pt x 410.85779pt>
File: figure/qi1.png Graphic file (type png)
<use figure/qi1.png>
Package pdftex.def Info: figure/qi1.png  used on input line 677.
(pdftex.def)             Requested size: 153.64644pt x 115.31523pt.


LaTeX Warning: `h' float specifier changed to `ht'.

[19 <./figure/th3.png> <./figure/th4.png>]
<figure/qi2.png, id=722, 282.3348pt x 185.9748pt>
File: figure/qi2.png Graphic file (type png)
<use figure/qi2.png>
Package pdftex.def Info: figure/qi2.png  used on input line 689.
(pdftex.def)             Requested size: 153.64644pt x 101.2081pt.
<figure/qi3.png, id=723, 197.0562pt x 197.0562pt>
File: figure/qi3.png Graphic file (type png)
<use figure/qi3.png>
Package pdftex.def Info: figure/qi3.png  used on input line 697.
(pdftex.def)             Requested size: 153.64644pt x 153.65208pt.
 [20 <./figure/qi1.png> <./figure/qi2.png> <./figure/qi3.png>]
<figure/qi4.png, id=736, 273.2025pt x 168.0825pt>
File: figure/qi4.png Graphic file (type png)
<use figure/qi4.png>
Package pdftex.def Info: figure/qi4.png  used on input line 710.
(pdftex.def)             Requested size: 204.85672pt x 126.03847pt.
<figure/qi5.png, id=737, 198.0198pt x 173.9298pt>
File: figure/qi5.png Graphic file (type png)
<use figure/qi5.png>
Package pdftex.def Info: figure/qi5.png  used on input line 716.
(pdftex.def)             Requested size: 153.64644pt x 134.95609pt.
<figure/qi6.png, id=738, 339.1872pt x 249.0906pt>
File: figure/qi6.png Graphic file (type png)
<use figure/qi6.png>
Package pdftex.def Info: figure/qi6.png  used on input line 727.
(pdftex.def)             Requested size: 204.85672pt x 150.44751pt.
<figure/qi7.png, id=739, 294.41537pt x 259.49295pt>
File: figure/qi7.png Graphic file (type png)
<use figure/qi7.png>
Package pdftex.def Info: figure/qi7.png  used on input line 733.
(pdftex.def)             Requested size: 189.49286pt x 167.01729pt.
<figure/dj1.png, id=740, 255.8358pt x 191.7564pt>
File: figure/dj1.png Graphic file (type png)
<use figure/dj1.png>
Package pdftex.def Info: figure/dj1.png  used on input line 751.
(pdftex.def)             Requested size: 153.64644pt x 115.16296pt.
<figure/dj2.png, id=741, 133.24782pt x 137.7647pt>
File: figure/dj2.png Graphic file (type png)
<use figure/dj2.png>
Package pdftex.def Info: figure/dj2.png  used on input line 757.
(pdftex.def)             Requested size: 112.67354pt x 116.49722pt.
 [21 <./figure/qi4.png> <./figure/qi5.png> <./figure/qi6.png> <./figure/qi7.png>] [22 <./figure/dj1.png> <./figure/dj2.png>]
<figure/dj3.png, id=775, 330.96375pt x 220.91624pt>
File: figure/dj3.png Graphic file (type png)
<use figure/dj3.png>
Package pdftex.def Info: figure/dj3.png  used on input line 791.
(pdftex.def)             Requested size: 204.85672pt x 136.74417pt.
<figure/dj4.png, id=776, 287.1528pt x 225.0006pt>
File: figure/dj4.png Graphic file (type png)
<use figure/dj4.png>
Package pdftex.def Info: figure/dj4.png  used on input line 797.
(pdftex.def)             Requested size: 174.129pt x 136.44334pt.
<figure/dj5.png, id=777, 330.96375pt x 243.91125pt>
File: figure/dj5.png Graphic file (type png)
<use figure/dj5.png>
Package pdftex.def Info: figure/dj5.png  used on input line 810.
(pdftex.def)             Requested size: 179.2555pt x 132.10834pt.
<figure/dj6.png, id=778, 366.168pt x 243.309pt>
File: figure/dj6.png Graphic file (type png)
<use figure/dj6.png>
Package pdftex.def Info: figure/dj6.png  used on input line 816.
(pdftex.def)             Requested size: 199.73804pt x 132.72144pt.
 [23 <./figure/dj3.png> <./figure/dj4.png> <./figure/dj5.png> <./figure/dj6.png>]
<figure/dj7.png, id=794, 361.35pt x 256.7994pt>
File: figure/dj7.png Graphic file (type png)
<use figure/dj7.png>
Package pdftex.def Info: figure/dj7.png  used on input line 829.
(pdftex.def)             Requested size: 204.85672pt x 145.58565pt.
<figure/dj8.png, id=795, 350.60716pt x 256.85149pt>
File: figure/dj8.png Graphic file (type png)
<use figure/dj8.png>
Package pdftex.def Info: figure/dj8.png  used on input line 835.
(pdftex.def)             Requested size: 199.73804pt x 146.32848pt.
<figure/an1.png, id=796, 415.41023pt x 279.97511pt>
File: figure/an1.png Graphic file (type png)
<use figure/an1.png>
Package pdftex.def Info: figure/an1.png  used on input line 853.
(pdftex.def)             Requested size: 204.85672pt x 138.06477pt.
<figure/an2.png, id=797, 407.6028pt x 269.808pt>
File: figure/an2.png Graphic file (type png)
<use figure/an2.png>
Package pdftex.def Info: figure/an2.png  used on input line 859.
(pdftex.def)             Requested size: 204.85672pt x 135.60355pt.
 [24 <./figure/dj7.png> <./figure/dj8.png> <./figure/an1.png> <./figure/an2.png>]
<figure/duo1.png, id=812, 320.99925pt x 180.675pt>
File: figure/duo1.png Graphic file (type png)
<use figure/duo1.png>
Package pdftex.def Info: figure/duo1.png  used on input line 876.
(pdftex.def)             Requested size: 204.85672pt x 115.30627pt.
<figure/duo2.png, id=813, 193.2018pt x 193.2018pt>
File: figure/duo2.png Graphic file (type png)
<use figure/duo2.png>
Package pdftex.def Info: figure/duo2.png  used on input line 882.
(pdftex.def)             Requested size: 143.40126pt x 143.40927pt.
<figure/tb1.png, id=815, 301.125pt x 185.493pt>
File: figure/tb1.png Graphic file (type png)
<use figure/tb1.png>
Package pdftex.def Info: figure/tb1.png  used on input line 898.
(pdftex.def)             Requested size: 204.85672pt x 126.19583pt.
<figure/tb2.png, id=816, 301.125pt x 176.3388pt>
File: figure/tb2.png Graphic file (type png)
<use figure/tb2.png>
Package pdftex.def Info: figure/tb2.png  used on input line 904.
(pdftex.def)             Requested size: 204.85672pt x 119.96799pt.
 [25 <./figure/duo1.png> <./figure/duo2.png> <./figure/tb1.png> <./figure/tb2.png>]
<figure/ll1.png, id=829, 340.12785pt x 177.80714pt>
File: figure/ll1.png Graphic file (type png)
<use figure/ll1.png>
Package pdftex.def Info: figure/ll1.png  used on input line 929.
(pdftex.def)             Requested size: 204.85672pt x 107.09207pt.
<figure/ll2.png, id=830, 227.053pt x 182.09764pt>
File: figure/ll2.png Graphic file (type png)
<use figure/ll2.png>
Package pdftex.def Info: figure/ll2.png  used on input line 935.
(pdftex.def)             Requested size: 153.64644pt x 123.22736pt.
<figure/g1.png, id=831, 279.444pt x 190.91325pt>
File: figure/g1.png Graphic file (type png)
<use figure/g1.png>
Package pdftex.def Info: figure/g1.png  used on input line 949.
(pdftex.def)             Requested size: 179.2555pt x 122.46663pt.
<figure/g2.png, id=832, 282.19714pt x 151.99643pt>
File: figure/g2.png Graphic file (type png)
<use figure/g2.png>
Package pdftex.def Info: figure/g2.png  used on input line 955.
(pdftex.def)             Requested size: 204.85672pt x 110.34184pt.
 [26 <./figure/ll1.png> <./figure/ll2.png> <./figure/g1.png> <./figure/g2.png>]
<figure/cl1.jpg, id=844, 612.78937pt x 370.76016pt>
File: figure/cl1.jpg Graphic file (type jpg)
<use figure/cl1.jpg>
Package pdftex.def Info: figure/cl1.jpg  used on input line 976.
(pdftex.def)             Requested size: 204.85672pt x 123.9466pt.
<figure/cl2.png, id=845, 243.1514pt x 193.8457pt>
File: figure/cl2.png Graphic file (type png)
<use figure/cl2.png>
Package pdftex.def Info: figure/cl2.png  used on input line 982.
(pdftex.def)             Requested size: 169.0103pt x 134.74158pt.
<figure/cl3.png, id=846, 487.33418pt x 366.23311pt>
File: figure/cl3.png Graphic file (type png)
<use figure/cl3.png>
Package pdftex.def Info: figure/cl3.png  used on input line 992.
(pdftex.def)             Requested size: 256.07481pt x 192.44849pt.
 [27 <./figure/cl1.jpg> <./figure/cl2.png> <./figure/cl3.png>]
<figure/ka.png, id=857, 373.5803pt x 152.2488pt>
File: figure/ka.png Graphic file (type png)
<use figure/ka.png>
Package pdftex.def Info: figure/ka.png  used on input line 1003.
(pdftex.def)             Requested size: 256.07481pt x 104.36412pt.
<figure/ka1.png, id=858, 284.7438pt x 137.7948pt>
File: figure/ka1.png Graphic file (type png)
<use figure/ka1.png>
Package pdftex.def Info: figure/ka1.png  used on input line 1013.
(pdftex.def)             Requested size: 204.85672pt x 99.13647pt.
<figure/ka2.png, id=859, 194.6472pt x 195.6108pt>
File: figure/ka2.png Graphic file (type png)
<use figure/ka2.png>
Package pdftex.def Info: figure/ka2.png  used on input line 1019.
(pdftex.def)             Requested size: 102.42836pt x 102.93597pt.
<figure/tong1.png, id=860, 201.56555pt x 201.56555pt>
File: figure/tong1.png Graphic file (type png)
<use figure/tong1.png>
Package pdftex.def Info: figure/tong1.png  used on input line 1033.
(pdftex.def)             Requested size: 107.55486pt x 107.55507pt.
<figure/tong2.png, id=861, 196.0926pt x 196.0926pt>
File: figure/tong2.png Graphic file (type png)
<use figure/tong2.png>
Package pdftex.def Info: figure/tong2.png  used on input line 1039.
(pdftex.def)             Requested size: 107.55486pt x 107.55803pt.
<figure/tong3.png, id=862, 265.16713pt x 198.7425pt>
File: figure/tong3.png Graphic file (type png)
<use figure/tong3.png>
Package pdftex.def Info: figure/tong3.png  used on input line 1045.
(pdftex.def)             Requested size: 143.40126pt x 107.4831pt.
 [28 <./figure/ka.png> <./figure/ka1.png> <./figure/ka2.png> <./figure/tong1.png> <./figure/tong2.png> <./figure/tong3.png>]
<figure/hua.png, id=876, 302.26439pt x 146.49324pt>
File: figure/hua.png Graphic file (type png)
<use figure/hua.png>
Package pdftex.def Info: figure/hua.png  used on input line 1058.
(pdftex.def)             Requested size: 153.64644pt x 74.4669pt.
<figure/jx.png, id=879, 301.125pt x 301.125pt>
File: figure/jx.png Graphic file (type png)
<use figure/jx.png>
Package pdftex.def Info: figure/jx.png  used on input line 1067.
(pdftex.def)             Requested size: 153.64644pt x 153.64981pt.
 (./Robomaster.bbl)
Package atveryend Info: Empty hook `BeforeClearDocument' on input line 1077.
 [29 <./figure/hua.png> <./figure/jx.png>]
Package atveryend Info: Empty hook `AfterLastShipout' on input line 1077.
 (./Robomaster.aux)
Package atveryend Info: Executing hook `AtVeryEndDocument' on input line 1077.
Package atveryend Info: Executing hook `AtEndAfterFileList' on input line 1077.
Package rerunfilecheck Info: File `Robomaster.out' has not changed.
(rerunfilecheck)             Checksum: 745E60F157782E9FE011B26285E517E6;4507.
Package atveryend Info: Empty hook `AtVeryVeryEnd' on input line 1077.
 ) 
Here is how much of TeX's memory you used:
 28134 strings out of 492623
 472494 string characters out of 6129060
 481655 words of memory out of 5000000
 31066 multiletter control sequences out of 15000+600000
 615757 words of font info for 335 fonts, out of 8000000 for 9000
 1141 hyphenation exceptions out of 8191
 42i,9n,63p,824b,732s stack positions out of 5000i,500n,10000p,200000b,80000s
<c:/Windows/Fonts/simsun.ttc><c:/Windows/Fonts/simhei.ttf><c:/Windows/Fonts/simsun.ttc><c:/Windows/Fonts/simhei.ttf><c:/Windows/Fonts/simhei.ttf><c:/Windows/Fonts/simhei.ttf><c:/Windows/Fonts/simhei.ttf><c:/Windows/Fonts/simhei.ttf><c:/Windows/Fonts/simsun.ttc><c:/Windows/Fonts/simhei.ttf><c:/Windows/Fonts/simhei.ttf><c:/Windows/Fonts/simhei.ttf><c:/Windows/Fonts/simsun.ttc><c:/Windows/Fonts/simsun.ttc><c:/Windows/Fonts/simhei.ttf><c:/Windows/Fonts/simsun.ttc><c:/Windows/Fonts/simhei.ttf><c:/Windows/Fonts/simhei.ttf><c:/Windows/Fonts/simhei.ttf><c:/Windows/Fonts/simhei.ttf><c:/Windows/Fonts/simhei.ttf><c:/Windows/Fonts/simsun.ttc><c:/Windows/Fonts/simhei.ttf><c:/Windows/Fonts/simhei.ttf><c:/Windows/Fonts/simhei.ttf><c:/Windows/Fonts/simsun.ttc><c:/Windows/Fonts/simhei.ttf><c:/Windows/Fonts/simhei.ttf><c:/Windows/Fonts/simsun.ttc><c:/Windows/Fonts/simhei.ttf><c:/Windows/Fonts/simsun.ttc><c:/Windows/Fonts/simhei.ttf><c:/Windows/Fonts/simhei.ttf><c:/Windows/Fonts/simhei.ttf><c:/Windows/Fonts/simsun.ttc><c:/Windows/Fonts/simhei.ttf><c:/Windows/Fonts/simsun.ttc><c:/Windows/Fonts/simhei.ttf><c:/Windows/Fonts/simhei.ttf><c:/Windows/Fonts/simhei.ttf><c:/Windows/Fonts/simhei.ttf><c:/Windows/Fonts/simhei.ttf><c:/Windows/Fonts/simhei.ttf><c:/Windows/Fonts/simhei.ttf><c:/Windows/Fonts/simhei.ttf><c:/Windows/Fonts/simhei.ttf><c:/Windows/Fonts/simsun.ttc><c:/Windows/Fonts/simsun.ttc><c:/Windows/Fonts/simsun.ttc><c:/Windows/Fonts/simhei.ttf><c:/Windows/Fonts/simhei.ttf><c:/Windows/Fonts/simsun.ttc><c:/Windows/Fonts/simhei.ttf><c:/Windows/Fonts/simhei.ttf><c:/Windows/Fonts/simhei.ttf><c:/Windows/Fonts/simsun.ttc><c:/Windows/Fonts/simsun.ttc><c:/Windows/Fonts/simhei.ttf><c:/Windows/Fonts/simhei.ttf><c:/Windows/Fonts/simsun.ttc><c:/Windows/Fonts/simsun.ttc><c:/Windows/Fonts/simsun.ttc><c:/Windows/Fonts/simhei.ttf><c:/Windows/Fonts/simhei.ttf><c:/Windows/Fonts/simhei.ttf><c:/Windows/Fonts/simhei.ttf><c:/Windows/Fonts/simhei.ttf><c:/Windows/Fonts/simhei.ttf><c:/Windows/Fonts/simsun.ttc><c:/Windows/Fonts/simsun.ttc><c:/Windows/Fonts/simsun.ttc><c:/Windows/Fonts/simsun.ttc><c:/Windows/Fonts/simhei.ttf><c:/Windows/Fonts/simsun.ttc><c:/Windows/Fonts/simsun.ttc><c:/Windows/Fonts/simsun.ttc><c:/Windows/Fonts/simsun.ttc><c:/Windows/Fonts/simsun.ttc><c:/Windows/Fonts/simsun.ttc><c:/Windows/Fonts/simsun.ttc><c:/Windows/Fonts/simsun.ttc><c:/Windows/Fonts/simsun.ttc><c:/Windows/Fonts/simsun.ttc><c:/Windows/Fonts/simhei.ttf><c:/Windows/Fonts/simsun.ttc><c:/Windows/Fonts/simhei.ttf><c:/Windows/Fonts/simhei.ttf><c:/Windows/Fonts/simhei.ttf><c:/Windows/Fonts/simsun.ttc><c:/Windows/Fonts/simsun.ttc><c:/Windows/Fonts/simsun.ttc><c:/Windows/Fonts/simsun.ttc><c:/Windows/Fonts/simsun.ttc><c:/Windows/Fonts/simhei.ttf><c:/Windows/Fonts/simsun.ttc><c:/Windows/Fonts/simsun.ttc><c:/Windows/Fonts/simsun.ttc><c:/Windows/Fonts/simsun.ttc><c:/Windows/Fonts/simsun.ttc><c:/Windows/Fonts/simsun.ttc><c:/Windows/Fonts/simhei.ttf><c:/Windows/Fonts/simsun.ttc><c:/Windows/Fonts/simsun.ttc><c:/Windows/Fonts/simsun.ttc><c:/Windows/Fonts/simsun.ttc><c:/Windows/Fonts/simsun.ttc><c:/Windows/Fonts/simsun.ttc><c:/Windows/Fonts/simsun.ttc><c:/Windows/Fonts/simsun.ttc><c:/Windows/Fonts/simsun.ttc><c:/Windows/Fonts/simhei.ttf><c:/Windows/Fonts/simhei.ttf><c:/Windows/Fonts/simhei.ttf><c:/Windows/Fonts/simhei.ttf><c:/Windows/Fonts/simsun.ttc><c:/Windows/Fonts/simsun.ttc><c:/Windows/Fonts/simsun.ttc><c:/Windows/Fonts/simsun.ttc><c:/Windows/Fonts/simsun.ttc><c:/Windows/Fonts/simsun.ttc><c:/Windows/Fonts/simsun.ttc><c:/Windows/Fonts/simhei.ttf><c:/Windows/Fonts/simhei.ttf><c:/Windows/Fonts/simhei.ttf><c:/Windows/Fonts/simhei.ttf><c:/Windows/Fonts/simhei.ttf><c:/Windows/Fonts/simhei.ttf><c:/Windows/Fonts/simhei.ttf><c:/Windows/Fonts/simhei.ttf><c:/Windows/Fonts/simsun.ttc><c:/Windows/Fonts/simsun.ttc><c:/Windows/Fonts/simsun.ttc><c:/Windows/Fonts/simsun.ttc><c:/Windows/Fonts/simsun.ttc><c:/Windows/Fonts/simsun.ttc><c:/Windows/Fonts/simsun.ttc><c:/Windows/Fonts/simsun.ttc><c:/Windows/Fonts/simsun.ttc><c:/Windows/Fonts/simsun.ttc><c:/Windows/Fonts/simsun.ttc><c:/Windows/Fonts/simsun.ttc><c:/Windows/Fonts/simsun.ttc><c:/Windows/Fonts/simsun.ttc><c:/Windows/Fonts/simsun.ttc><c:/Windows/Fonts/simsun.ttc><d:/software/texlive/2019/texmf-dist/fonts/type1/public/amsfonts/cm/cmbx10.pfb><d:/software/texlive/2019/texmf-dist/fonts/type1/public/amsfonts/cm/cmbx12.pfb><d:/software/texlive/2019/texmf-dist/fonts/type1/public/amsfonts/cm/cmmi10.pfb><d:/software/texlive/2019/texmf-dist/fonts/type1/public/amsfonts/cm/cmmi7.pfb><d:/software/texlive/2019/texmf-dist/fonts/type1/public/amsfonts/cm/cmr10.pfb><d:/software/texlive/2019/texmf-dist/fonts/type1/public/amsfonts/cm/cmr12.pfb><d:/software/texlive/2019/texmf-dist/fonts/type1/public/amsfonts/cm/cmr5.pfb><d:/software/texlive/2019/texmf-dist/fonts/type1/public/amsfonts/cm/cmr7.pfb><d:/software/texlive/2019/texmf-dist/fonts/type1/public/amsfonts/cm/cmr9.pfb><d:/software/texlive/2019/texmf-dist/fonts/type1/public/amsfonts/cm/cmsy10.pfb><d:/software/texlive/2019/texmf-dist/fonts/type1/public/amsfonts/cm/cmsy7.pfb>
Output written on Robomaster.pdf (29 pages, 17644071 bytes).
PDF statistics:
 1403 PDF objects out of 1440 (max. 8388607)
 946 compressed objects within 10 object streams
 164 named destinations out of 1000 (max. 500000)
 1193 words of extra memory for PDF output out of 10000 (max. 10000000)

